# JRE version: Java(TM) SE Runtime Environment (8.0_131-b11) (build 1.8.0_131-b11)
# Java VM: Java HotSpot(TM) 64-Bit Server VM (25.131-b11 mixed mode windows-amd64 compressed oops)
Heap:
 PSYoungGen      total 71168K, used 45281K [0x00000000eb600000, 0x00000000f2400000, 0x0000000100000000)
  eden space 63488K, 65% used [0x00000000eb600000,0x00000000ede86560,0x00000000ef400000)
  from space 7680K, 49% used [0x00000000ef400000,0x00000000ef7b1ee8,0x00000000efb80000)
  to   space 14848K, 0% used [0x00000000f1580000,0x00000000f1580000,0x00000000f2400000)
 ParOldGen       total 53760K, used 22284K [0x00000000c2200000, 0x00000000c5680000, 0x00000000eb600000)
  object space 53760K, 41% used [0x00000000c2200000,0x00000000c37c3178,0x00000000c5680000)
 Metaspace       used 23186K, capacity 23916K, committed 24192K, reserved 1071104K
  class space    used 2738K, capacity 2886K, committed 2944K, reserved 1048576K
GC Heap History (10 events):
Event: 6.662 GC heap before
{Heap before GC invocations=6 (full 0):
 PSYoungGen      total 34304K, used 34280K [0x00000000eb600000, 0x00000000f0300000, 0x0000000100000000)
  eden space 31744K, 100% used [0x00000000eb600000,0x00000000ed500000,0x00000000ed500000)
  from space 2560K, 99% used [0x00000000ed500000,0x00000000ed77a020,0x00000000ed780000)
  to   space 7680K, 0% used [0x00000000efb80000,0x00000000efb80000,0x00000000f0300000)
 ParOldGen       total 42496K, used 10320K [0x00000000c2200000, 0x00000000c4b80000, 0x00000000eb600000)
  object space 42496K, 24% used [0x00000000c2200000,0x00000000c2c14128,0x00000000c4b80000)
 Metaspace       used 14863K, capacity 15118K, committed 15232K, reserved 1062912K
  class space    used 1799K, capacity 1884K, committed 1920K, reserved 1048576K
Event: 6.675 GC heap after
Heap after GC invocations=6 (full 0):
 PSYoungGen      total 71168K, used 5640K [0x00000000eb600000, 0x00000000f0300000, 0x0000000100000000)
  eden space 63488K, 0% used [0x00000000eb600000,0x00000000eb600000,0x00000000ef400000)
  from space 7680K, 73% used [0x00000000efb80000,0x00000000f0102020,0x00000000f0300000)
  to   space 7680K, 0% used [0x00000000ef400000,0x00000000ef400000,0x00000000efb80000)
 ParOldGen       total 42496K, used 10328K [0x00000000c2200000, 0x00000000c4b80000, 0x00000000eb600000)
  object space 42496K, 24% used [0x00000000c2200000,0x00000000c2c16128,0x00000000c4b80000)
 Metaspace       used 14863K, capacity 15118K, committed 15232K, reserved 1062912K
  class space    used 1799K, capacity 1884K, committed 1920K, reserved 1048576K
}
Event: 8.198 GC heap before
{Heap before GC invocations=7 (full 0):
 PSYoungGen      total 71168K, used 69128K [0x00000000eb600000, 0x00000000f0300000, 0x0000000100000000)
  eden space 63488K, 100% used [0x00000000eb600000,0x00000000ef400000,0x00000000ef400000)
  from space 7680K, 73% used [0x00000000efb80000,0x00000000f0102020,0x00000000f0300000)
  to   space 7680K, 0% used [0x00000000ef400000,0x00000000ef400000,0x00000000efb80000)
 ParOldGen       total 42496K, used 10328K [0x00000000c2200000, 0x00000000c4b80000, 0x00000000eb600000)
  object space 42496K, 24% used [0x00000000c2200000,0x00000000c2c16128,0x00000000c4b80000)
 Metaspace       used 16054K, capacity 16494K, committed 16640K, reserved 1064960K
  class space    used 1898K, capacity 1994K, committed 2048K, reserved 1048576K
Event: 8.716 GC heap after
Heap after GC invocations=7 (full 0):
 PSYoungGen      total 71168K, used 7648K [0x00000000eb600000, 0x00000000f0300000, 0x0000000100000000)
  eden space 63488K, 0% used [0x00000000eb600000,0x00000000eb600000,0x00000000ef400000)
  from space 7680K, 99% used [0x00000000ef400000,0x00000000efb78020,0x00000000efb80000)
  to   space 7680K, 0% used [0x00000000efb80000,0x00000000efb80000,0x00000000f0300000)
 ParOldGen       total 42496K, used 12202K [0x00000000c2200000, 0x00000000c4b80000, 0x00000000eb600000)
  object space 42496K, 28% used [0x00000000c2200000,0x00000000c2dea868,0x00000000c4b80000)
 Metaspace       used 16054K, capacity 16494K, committed 16640K, reserved 1064960K
  class space    used 1898K, capacity 1994K, committed 2048K, reserved 1048576K
}
Event: 10.123 GC heap before
{Heap before GC invocations=8 (full 0):
 PSYoungGen      total 71168K, used 46527K [0x00000000eb600000, 0x00000000f0300000, 0x0000000100000000)
  eden space 63488K, 61% used [0x00000000eb600000,0x00000000edbf7d18,0x00000000ef400000)
  from space 7680K, 99% used [0x00000000ef400000,0x00000000efb78020,0x00000000efb80000)
  to   space 7680K, 0% used [0x00000000efb80000,0x00000000efb80000,0x00000000f0300000)
 ParOldGen       total 42496K, used 12202K [0x00000000c2200000, 0x00000000c4b80000, 0x00000000eb600000)
  object space 42496K, 28% used [0x00000000c2200000,0x00000000c2dea868,0x00000000c4b80000)
 Metaspace       used 20644K, capacity 21138K, committed 21296K, reserved 1069056K
  class space    used 2472K, capacity 2586K, committed 2688K, reserved 1048576K
Event: 10.162 GC heap after
Heap after GC invocations=8 (full 0):
 PSYoungGen      total 71168K, used 7671K [0x00000000eb600000, 0x00000000f0300000, 0x0000000100000000)
  eden space 63488K, 0% used [0x00000000eb600000,0x00000000eb600000,0x00000000ef400000)
  from space 7680K, 99% used [0x00000000efb80000,0x00000000f02fde18,0x00000000f0300000)
  to   space 7680K, 0% used [0x00000000ef400000,0x00000000ef400000,0x00000000efb80000)
 ParOldGen       total 42496K, used 23046K [0x00000000c2200000, 0x00000000c4b80000, 0x00000000eb600000)
  object space 42496K, 54% used [0x00000000c2200000,0x00000000c3881980,0x00000000c4b80000)
 Metaspace       used 20644K, capacity 21138K, committed 21296K, reserved 1069056K
  class space    used 2472K, capacity 2586K, committed 2688K, reserved 1048576K
}
Event: 10.163 GC heap before
{Heap before GC invocations=9 (full 1):
 PSYoungGen      total 71168K, used 7671K [0x00000000eb600000, 0x00000000f0300000, 0x0000000100000000)
  eden space 63488K, 0% used [0x00000000eb600000,0x00000000eb600000,0x00000000ef400000)
  from space 7680K, 99% used [0x00000000efb80000,0x00000000f02fde18,0x00000000f0300000)
  to   space 7680K, 0% used [0x00000000ef400000,0x00000000ef400000,0x00000000efb80000)
 ParOldGen       total 42496K, used 23046K [0x00000000c2200000, 0x00000000c4b80000, 0x00000000eb600000)
  object space 42496K, 54% used [0x00000000c2200000,0x00000000c3881980,0x00000000c4b80000)
 Metaspace       used 20644K, capacity 21138K, committed 21296K, reserved 1069056K
  class space    used 2472K, capacity 2586K, committed 2688K, reserved 1048576K
Event: 10.851 GC heap after
Heap after GC invocations=9 (full 1):
 PSYoungGen      total 71168K, used 0K [0x00000000eb600000, 0x00000000f0300000, 0x0000000100000000)
  eden space 63488K, 0% used [0x00000000eb600000,0x00000000eb600000,0x00000000ef400000)
  from space 7680K, 0% used [0x00000000efb80000,0x00000000efb80000,0x00000000f0300000)
  to   space 7680K, 0% used [0x00000000ef400000,0x00000000ef400000,0x00000000efb80000)
 ParOldGen       total 53760K, used 22276K [0x00000000c2200000, 0x00000000c5680000, 0x00000000eb600000)
  object space 53760K, 41% used [0x00000000c2200000,0x00000000c37c1178,0x00000000c5680000)
 Metaspace       used 20644K, capacity 21138K, committed 21296K, reserved 1069056K
  class space    used 2472K, capacity 2586K, committed 2688K, reserved 1048576K
}
Event: 13.971 GC heap before
{Heap before GC invocations=10 (full 1):
 PSYoungGen      total 71168K, used 63488K [0x00000000eb600000, 0x00000000f0300000, 0x0000000100000000)
  eden space 63488K, 100% used [0x00000000eb600000,0x00000000ef400000,0x00000000ef400000)
  from space 7680K, 0% used [0x00000000efb80000,0x00000000efb80000,0x00000000f0300000)
  to   space 7680K, 0% used [0x00000000ef400000,0x00000000ef400000,0x00000000efb80000)
 ParOldGen       total 53760K, used 22276K [0x00000000c2200000, 0x00000000c5680000, 0x00000000eb600000)
  object space 53760K, 41% used [0x00000000c2200000,0x00000000c37c1178,0x00000000c5680000)
 Metaspace       used 22957K, capacity 23590K, committed 23936K, reserved 1071104K
  class space    used 2720K, capacity 2862K, committed 2944K, reserved 1048576K
Event: 13.980 GC heap after
Heap after GC invocations=10 (full 1):
 PSYoungGen      total 71168K, used 3783K [0x00000000eb600000, 0x00000000f2400000, 0x0000000100000000)
  eden space 63488K, 0% used [0x00000000eb600000,0x00000000eb600000,0x00000000ef400000)
  from space 7680K, 49% used [0x00000000ef400000,0x00000000ef7b1ee8,0x00000000efb80000)
  to   space 14848K, 0% used [0x00000000f1580000,0x00000000f1580000,0x00000000f2400000)
 ParOldGen       total 53760K, used 22284K [0x00000000c2200000, 0x00000000c5680000, 0x00000000eb600000)
  object space 53760K, 41% used [0x00000000c2200000,0x00000000c37c3178,0x00000000c5680000)
 Metaspace       used 22957K, capacity 23590K, committed 23936K, reserved 1071104K
  class space    used 2720K, capacity 2862K, committed 2944K, reserved 1048576K
}

